â¯ ./nubela-test.sh
------- Problem 1 ------
-> {"id":0,"method":"echo","params":{"message":"Hello"}}
<- {"id": 0, "result": {"message": "Hello"}}
-> {"id":1,"method":"echo","params":{"message":"Hello again"}}
<- {"id": 1, "result": {"message": "Hello again"}}
-> {"id":0,"method":"echo","params":{"message":"aloha"}}
<- {"id": 0, "result": {"message": "aloha"}}
*****************************************************
Congratulations on completing the first problem!
The first problem exist to weed out idiots.

Here is the link to Problem 2: https://nubela-gitlab-packages.sgp1.digitaloceanspaces.com/dev-test/c04ee32265e0e6a2c853f6f91878cf8dfe385e3d68848931bf84e60b7cec9f8b.md
*****************************************************
------- Problem 2 ------
-> {"id": 0, "method": "echo",
-> {"id": 0, "method": "echo",
-> "params": {"message": "Hello"
-> }}
{
<- {"id": 0, "result": {"message": "Hello"}}
-> {"id": 0, "method": "echo",
-> "params": {"message": "Hello"
-> }}
{
<- {"id": 0, "result": {"message": "Hello"}}
-> "id": "test", "method": "echo",
-> "params": {"message": 
-> "hello again"}}
{
<- {"id": "test", "result": {"message": "hello again"}}
-> {"id": "w", "method": "echo",
-> "params": {"message": "hej
->  monika"}}
{
<- {"id": "w", "result": {"message": "hej monika"}}
*****************************************************
Congratulations on completing problem 2!
You are almost there.
Solve one more problem and you get an interview!

For Problem 3, please visit: https://nubela-gitlab-packages.sgp1.digitaloceanspaces.com/dev-test/8f48939bf9b1dd89184a8929681f21ca84343e3a12e6b6c57ecc713aa03a54c3.md
*****************************************************
------- Problem 3 ------
-------
Expect: x -> x
Randomized problem: p -> p
-> {"id":0,"method":"evaluate","params":{"expression":"p"}}
<- {"id": 0, "result": {"expression": "p"}}
Normalize result: p -> p
p == p
-------
Expect: !x.x -> !x.x
Randomized problem: !u.u -> !z.z
-> {"id":1,"method":"evaluate","params":{"expression":"!u.u"}}
<- {"id": 1, "result": {"expression": "!u.u"}}
Normalize result: !u.u -> !z.z
!z.z == !z.z
-------
Expect: (x y) -> (x y)
Randomized problem: (u d) -> (u d)
-> {"id":2,"method":"evaluate","params":{"expression":"(u d)"}}
<- {"id": 2, "result": {"expression": "(u d)"}}
Normalize result: (u d) -> (u d)
(u d) == (u d)
-------
Expect: (!x.x y) -> y
Randomized problem: (!u.u v) -> v
-> {"id":3,"method":"evaluate","params":{"expression":"(!u.u v)"}}
<- {"id": 3, "result": {"expression": "v"}}
Normalize result: v -> v
v == v
-------
Expect: (!x.x x) -> x
Randomized problem: (!n.n n) -> n
-> {"id":4,"method":"evaluate","params":{"expression":"(!n.n n)"}}
<- {"id": 4, "result": {"expression": "n"}}
Normalize result: n -> n
n == n
-------
Expect: (!x.!y.(y x) (y w)) -> !z.(z (y w))
Randomized problem: (!n.!y.(y n) (y a)) -> !z.(z (y a))
-> {"id":5,"method":"evaluate","params":{"expression":"(!n.!y.(y n) (y a))"}}
<- {"id": 5, "result": {"expression": "!i.(i (y a))"}}
Normalize result: !i.(i (y a)) -> !z.(z (y a))
!z.(z (y a)) == !z.(z (y a))
-------
Expect: (!x.!y.(x y) (y w)) -> !z.((y w) z)
Randomized problem: (!k.!h.(k h) (h o)) -> !z.((h o) z)
-> {"id":6,"method":"evaluate","params":{"expression":"(!k.!h.(k h) (h o))"}}
<- {"id": 6, "result": {"expression": "!i.((h o) i)"}}
Normalize result: !i.((h o) i) -> !z.((h o) z)
!z.((h o) z) == !z.((h o) z)
-------
Expect: ((!y.!x.(y x) !x.!y.(y x)) (y w)) -> !a.(a (y w))
Randomized problem: ((!f.!l.(f l) !l.!f.(f l)) (f a)) -> !z.(z (f a))
-> {"id":7,"method":"evaluate","params":{"expression":"((!f.!l.(f l) !l.!f.(f l)) (f a))"}}
<- {"id": 7, "result": {"expression": "!c.(c (f a))"}}
Normalize result: !c.(c (f a)) -> !z.(z (f a))
!z.(z (f a)) == !z.(z (f a))
-------
Expect: ((!y.!x.(y x) !x.(x x)) y) -> (y y)
Randomized problem: ((!n.!k.(n k) !k.(k k)) n) -> (n n)
-> {"id":8,"method":"evaluate","params":{"expression":"((!n.!k.(n k) !k.(k k)) n)"}}
Error: Error while checking problem
    at checkProblems (/opt/src/question/problems/common.ts:24:19)
    at process.args (node:internal/process/task_queues:95:5)
    at main (/opt/src/question/index.ts:5:21) {
  [cause]: TimeoutError: Timed out
      at Timeout._onTimeout (/opt/src/question/timed.ts:5:37)
      at listOnTimeout (node:internal/timers:564:17)
      at processTimers (node:internal/timers:507:7)
}